
> vibe-generated-app@1.0.0 dev
> vite


  VITE v5.4.20  ready in 285 ms

  ➜  Local:   http://localhost:3000/
  ➜  Network: http://172.20.12.213:3000/
9:11:59 AM [vite] Pre-transform error: Transform failed with 1 error:
/home/workspace/src/components/Hero.jsx:8:117: ERROR: Expected "}" but found "100"
9:12:02 AM [vite] Internal server error: Transform failed with 1 error:
/home/workspace/src/components/Hero.jsx:8:117: ERROR: Expected "}" but found "100"
  Plugin: vite:esbuild
  File: /home/workspace/src/components/Hero.jsx:8:117
  
  Expected "}" but found "100"
  6  |      <section className="relative min-h-[70vh] grid place-items-center overflow-hidden">
  7  |        <div className="absolute inset-0">
  8  |          <Spline scene="https://prod.spline.design/xW-uaUprkPUPPfRw/scene.splinecode" style={{ width: '100%, height: '100%' }} />
     |                                                                                                                       ^
  9  |        </div>
  10 |  
  
      at failureErrorWithLog (/home/workspace/node_modules/esbuild/lib/main.js:1472:15)
      at /home/workspace/node_modules/esbuild/lib/main.js:755:50
      at responseCallbacks.<computed> (/home/workspace/node_modules/esbuild/lib/main.js:622:9)
      at handleIncomingPacket (/home/workspace/node_modules/esbuild/lib/main.js:677:12)
      at Socket.readFromStdout (/home/workspace/node_modules/esbuild/lib/main.js:600:7)
      at Socket.emit (node:events:508:28)
      at addChunk (node:internal/streams/readable:559:12)
      at readableAddChunkPushByteMode (node:internal/streams/readable:510:3)
      at Readable.push (node:internal/streams/readable:390:5)
      at Pipe.onStreamRead (node:internal/stream_base_commons:189:23)
